"E:/Workshop/Unreal Projects/VolumetricBuoyancy/VolumetricBuoyancy.uproject" 1
"../../../Engine/Plugins/2D/Paper2D/Paper2D.uplugin" 2
"../../../Engine/Plugins/Developer/BlankPlugin/BlankPlugin.uplugin" 3
"../../../Engine/Plugins/Developer/GitSourceControl/GitSourceControl.uplugin" 4
"../../../Engine/Plugins/Developer/KDevelopSourceCodeAccess/KDevelopSourceCodeAccess.uplugin" 5
"../../../Engine/Plugins/Developer/PerforceSourceControl/PerforceSourceControl.uplugin" 6
"../../../Engine/Plugins/Developer/SubversionSourceControl/SubversionSourceControl.uplugin" 7
"../../../Engine/Plugins/Developer/UObjectPlugin/UObjectPlugin.uplugin" 8
"../../../Engine/Plugins/Developer/VisualStudioSourceCodeAccess/VisualStudioSourceCodeAccess.uplugin" 9
"../../../Engine/Plugins/Developer/XCodeSourceCodeAccess/XCodeSourceCodeAccess.uplugin" 10
"../../../Engine/Plugins/Editor/EpicSurvey/EpicSurvey.uplugin" 11
"../../../Engine/Plugins/Editor/MacGraphicsSwitching/MacGraphicsSwitching.uplugin" 12
"../../../Engine/Plugins/Editor/PluginsEditor/PluginsEditor.uplugin" 13
"../../../Engine/Plugins/Editor/SpeedTreeImporter/SpeedTreeImporter.uplugin" 14
"../../../Engine/Plugins/Experimental/BlueprintStats/BlueprintStats.uplugin" 15
"../../../Engine/Plugins/Experimental/CharacterAI/CharacterAI.uplugin" 16
"../../../Engine/Plugins/Experimental/CodeView/CodeView.uplugin" 17
"../../../Engine/Plugins/Experimental/LiveEditor/LiveEditor.uplugin" 18
"../../../Engine/Plugins/Experimental/Phya/Phya.uplugin" 19
"../../../Engine/Plugins/Experimental/SimpleHMD/SimpleHMD.uplugin" 20
"../../../Engine/Plugins/Experimental/SteamVR/SteamVR.uplugin" 21
"../../../Engine/Plugins/Media/AndroidMedia/AndroidMedia.uplugin" 22
"../../../Engine/Plugins/Media/AvfMedia/AvfMedia.uplugin" 23
"../../../Engine/Plugins/Media/MediaPlayerEditor/MediaPlayerEditor.uplugin" 24
"../../../Engine/Plugins/Media/WmfMedia/WmfMedia.uplugin" 25
"../../../Engine/Plugins/Messaging/MessagingDebugger/MessagingDebugger.uplugin" 26
"../../../Engine/Plugins/Messaging/ShmMessaging/ShmMessaging.uplugin" 27
"../../../Engine/Plugins/Messaging/UdpMessaging/UdpMessaging.uplugin" 28
"../../../Engine/Plugins/Runtime/Advertising/IOSTapJoy/IOSTapJoy.uplugin" 29
"../../../Engine/Plugins/Runtime/Analytics/AnalyticsBlueprintLibrary/AnalyticsBlueprintLibrary.uplugin" 30
"../../../Engine/Plugins/Runtime/Analytics/Apsalar/IOSApsalar/IOSApsalar.uplugin" 31
"../../../Engine/Plugins/Runtime/Analytics/FileLogging/FileLogging.uplugin" 32
"../../../Engine/Plugins/Runtime/AndroidDeviceProfileSelector/AndroidDeviceProfileSelector.uplugin" 33
"../../../Engine/Plugins/Runtime/AndroidMoviePlayer/AndroidMoviePlayer.uplugin" 34
"../../../Engine/Plugins/Runtime/AppleMoviePlayer/AppleMoviePlayer.uplugin" 35
"../../../Engine/Plugins/Runtime/CableComponent/CableComponent.uplugin" 36
"../../../Engine/Plugins/Runtime/CustomMeshComponent/CustomMeshComponent.uplugin" 37
"../../../Engine/Plugins/Runtime/ExampleDeviceProfileSelector/ExampleDeviceProfileSelector.uplugin" 38
"../../../Engine/Plugins/Runtime/GearVR/GearVR.uplugin" 39
"../../../Engine/Plugins/Runtime/IOSDeviceProfileSelector/IOSDeviceProfileSelector.uplugin" 40
"../../../Engine/Plugins/Runtime/LiveEditorListenServer/LiveEditorListenServer.uplugin" 41
"../../../Engine/Plugins/Runtime/OculusRift/OculusRift.uplugin" 42
"../../../Engine/Plugins/Runtime/SoundMod/SoundMod.uplugin" 43
"../../../Engine/Plugins/Runtime/SoundVisualizations/SoundVisualizations.uplugin" 44
"../../../Engine/Plugins/Runtime/TwitchLiveStreaming/TwitchLiveStreaming.uplugin" 45
"../../../Engine/Plugins/Runtime/WindowsDeviceProfileSelector/WindowsDeviceProfileSelector.uplugin" 46
"../../../Engine/Plugins/Runtime/WindowsMoviePlayer/WindowsMoviePlayer.uplugin" 47
"../../../Engine/Plugins/ScriptGeneratorPlugin/ScriptGeneratorPlugin.uplugin" 48
"../../../Engine/Plugins/ScriptPlugin/ScriptPlugin.uplugin" 49
"../../../Engine/Plugins/Slate/SlateRemote/SlateRemote.uplugin" 50
"..\..\..\Engine\Content\Internationalization\icudt53l\cnvalias.icu" 51
"..\..\..\Engine\Content\Internationalization\icudt53l\en_US_POSIX.res" 52
"..\..\..\Engine\Content\Internationalization\icudt53l\pool.res" 53
"..\..\..\Engine\Content\Internationalization\icudt53l\en_US.res" 54
"..\..\..\Engine\Content\Internationalization\icudt53l\en.res" 55
"..\..\..\Engine\Content\Internationalization\icudt53l\root.res" 56
"..\..\..\Engine\Content\Internationalization\icudt53l\coll\ucadata.icu" 57
"..\..\..\Engine\Content\Internationalization\icudt53l\nfc.nrm" 58
"..\..\..\Engine\Content\Internationalization\icudt53l\coll\en_US_POSIX.res" 59
"..\..\..\Engine\Content\Internationalization\icudt53l\coll\en_US.res" 60
"..\..\..\Engine\Content\Internationalization\icudt53l\coll\en.res" 61
"..\..\..\Engine\Content\Internationalization\icudt53l\coll\root.res" 62
"..\..\..\Engine\Content\Internationalization\icudt53l\numberingSystems.res" 63
"..\..\..\Engine\Content\Internationalization\icudt53l\curr\supplementalData.res" 64
"..\..\..\Engine\Content\Internationalization\icudt53l\curr\pool.res" 65
"..\..\..\Engine\Content\Internationalization\icudt53l\curr\en.res" 66
"..\..\..\Engine\Content\Internationalization\icudt53l\curr\root.res" 67
"..\..\..\Engine\Content\Internationalization\icudt53l\plurals.res" 68
"..\..\..\Engine\Content\Internationalization\icudt53l\windowsZones.res" 69
"..\..\..\Engine\Content\Internationalization\icudt53l\zoneinfo64.res" 70
"..\..\..\Engine\Content\Internationalization\icudt53l\keyTypeData.res" 71
"..\..\..\Engine\Content\Internationalization\icudt53l\timezoneTypes.res" 72
"..\..\..\Engine\Content\Internationalization\icudt53l\supplementalData.res" 73
"..\..\..\Engine\Content\Internationalization\icudt53l\likelySubtags.res" 74
"../../../Engine/Config/Base.ini" 75
"../../../Engine/Config/BaseEngine.ini" 76
"../../../../../../Unreal Projects/VolumetricBuoyancy/Config/DefaultEngine.ini" 77
"../../../Engine/Config/Windows/WindowsEngine.ini" 78
"E:/Workshop/Unreal Projects/VolumetricBuoyancy/Saved/Config/Windows/Engine.ini" 79
"../../../../../../Unreal Projects/VolumetricBuoyancy/Intermediate/Config/CoalescedSourceConfigs/Engine.ini" 80
"../../../Engine/Config/BaseGame.ini" 81
"../../../../../../Unreal Projects/VolumetricBuoyancy/Config/DefaultGame.ini" 82
"E:/Workshop/Unreal Projects/VolumetricBuoyancy/Saved/Config/Windows/Game.ini" 83
"../../../../../../Unreal Projects/VolumetricBuoyancy/Intermediate/Config/CoalescedSourceConfigs/Game.ini" 84
"../../../Engine/Config/BaseInput.ini" 85
"E:/Workshop/Unreal Projects/VolumetricBuoyancy/Saved/Config/Windows/Input.ini" 86
"../../../../../../Unreal Projects/VolumetricBuoyancy/Intermediate/Config/CoalescedSourceConfigs/Input.ini" 87
"../../../Engine/Config/BaseEditor.ini" 88
"../../../../../../Unreal Projects/VolumetricBuoyancy/Config/DefaultEditor.ini" 89
"E:/Workshop/Unreal Projects/VolumetricBuoyancy/Saved/Config/Windows/Editor.ini" 90
"../../../../../../Unreal Projects/VolumetricBuoyancy/Intermediate/Config/CoalescedSourceConfigs/Editor.ini" 91
"../../../Engine/Config/BaseEditorLayout.ini" 92
"E:/Workshop/Unreal Projects/VolumetricBuoyancy/Saved/Config/Windows/EditorLayout.ini" 93
"../../../../../../Unreal Projects/VolumetricBuoyancy/Intermediate/Config/CoalescedSourceConfigs/EditorLayout.ini" 94
"../../../Engine/Config/BaseEditorUserSettings.ini" 95
"E:/Workshop/Unreal Projects/VolumetricBuoyancy/Saved/Config/Windows/EditorUserSettings.ini" 96
"../../../../../../Unreal Projects/VolumetricBuoyancy/Intermediate/Config/CoalescedSourceConfigs/EditorUserSettings.ini" 97
"../../../Engine/Config/BaseEditorKeyBindings.ini" 98
"E:/Workshop/Unreal Projects/VolumetricBuoyancy/Saved/Config/Windows/EditorKeyBindings.ini" 99
"../../../../../../Unreal Projects/VolumetricBuoyancy/Intermediate/Config/CoalescedSourceConfigs/EditorKeyBindings.ini" 100
"../../../Engine/Config/BaseCompat.ini" 101
"E:/Workshop/Unreal Projects/VolumetricBuoyancy/Saved/Config/Windows/Compat.ini" 102
"../../../../../../Unreal Projects/VolumetricBuoyancy/Intermediate/Config/CoalescedSourceConfigs/Compat.ini" 103
"../../../Engine/Config/BaseLightmass.ini" 104
"E:/Workshop/Unreal Projects/VolumetricBuoyancy/Saved/Config/Windows/Lightmass.ini" 105
"../../../../../../Unreal Projects/VolumetricBuoyancy/Intermediate/Config/CoalescedSourceConfigs/Lightmass.ini" 106
"../../../Engine/Config/BaseScalability.ini" 107
"E:/Workshop/Unreal Projects/VolumetricBuoyancy/Saved/Config/Windows/Scalability.ini" 108
"../../../../../../Unreal Projects/VolumetricBuoyancy/Intermediate/Config/CoalescedSourceConfigs/Scalability.ini" 109
"E:/Workshop/Unreal Projects/VolumetricBuoyancy/Saved/Config/Windows/GameUserSettings.ini" 110
"../../../../../../Unreal Projects/VolumetricBuoyancy/Intermediate/Config/CoalescedSourceConfigs/GameUserSettings.ini" 111
"../../../Engine/Config/BaseDeviceProfiles.ini" 112
"E:/Workshop/Unreal Projects/VolumetricBuoyancy/Saved/Config/Windows/DeviceProfiles.ini" 113
"../../../../../../Unreal Projects/VolumetricBuoyancy/Intermediate/Config/CoalescedSourceConfigs/DeviceProfiles.ini" 114
"../../../Engine/Config/ConsoleVariables.ini" 115
"..\..\..\Engine\Content\Internationalization\icudt53l\es.res" 116
"..\..\..\Engine\Content\Internationalization\icudt53l\coll\es.res" 117
"..\..\..\Engine\Content\Internationalization\icudt53l\curr\es.res" 118
"..\..\..\Engine\Content\Internationalization\icudt53l\es_ES.res" 119
"..\..\..\Engine\Content\Internationalization\icudt53l\ja.res" 120
"..\..\..\Engine\Content\Internationalization\icudt53l\coll\ja.res" 121
"..\..\..\Engine\Content\Internationalization\icudt53l\curr\ja.res" 122
"..\..\..\Engine\Content\Internationalization\icudt53l\ja_JP.res" 123
"..\..\..\Engine\Content\Internationalization\icudt53l\ko.res" 124
"..\..\..\Engine\Content\Internationalization\icudt53l\coll\ko.res" 125
"..\..\..\Engine\Content\Internationalization\icudt53l\curr\ko.res" 126
"..\..\..\Engine\Content\Internationalization\icudt53l\ko_KR.res" 127
"..\..\..\Engine\Content\Internationalization\icudt53l\pt_BR.res" 128
"..\..\..\Engine\Content\Internationalization\icudt53l\pt.res" 129
"..\..\..\Engine\Content\Internationalization\icudt53l\coll\pt.res" 130
"..\..\..\Engine\Content\Internationalization\icudt53l\curr\pt.res" 131
"..\..\..\Engine\Content\Internationalization\icudt53l\zh_CN.res" 132
"..\..\..\Engine\Content\Internationalization\icudt53l\zh_Hans_CN.res" 133
"..\..\..\Engine\Content\Internationalization\icudt53l\zh_Hans.res" 134
"..\..\..\Engine\Content\Internationalization\icudt53l\zh.res" 135
"..\..\..\Engine\Content\Internationalization\icudt53l\coll\zh_CN.res" 136
"..\..\..\Engine\Content\Internationalization\icudt53l\coll\zh_Hans_CN.res" 137
"..\..\..\Engine\Content\Internationalization\icudt53l\coll\zh_Hans.res" 138
"..\..\..\Engine\Content\Internationalization\icudt53l\coll\zh.res" 139
"..\..\..\Engine\Content\Internationalization\icudt53l\curr\zh_CN.res" 140
"..\..\..\Engine\Content\Internationalization\icudt53l\curr\zh_Hans_CN.res" 141
"..\..\..\Engine\Content\Internationalization\icudt53l\curr\zh_Hans.res" 142
"..\..\..\Engine\Content\Internationalization\icudt53l\curr\zh.res" 143
"E:/Workshop/Programs/Unreal Engine/4.7/Engine/Content/Localization/Editor/en/Editor.locres" 144
"E:/Workshop/Programs/Unreal Engine/4.7/Engine/Content/Localization/EditorTutorials/en/EditorTutorials.locres" 145
"E:/Workshop/Programs/Unreal Engine/4.7/Engine/Content/Localization/Engine/en/Engine.locres" 146
"../../../Engine/Content/Slate/Fonts/Roboto-Regular.ttf" 147
"../../../Engine/Content/Slate/Fonts/DroidSansMono.ttf" 148
"../../../Engine/Content/Slate/Fonts/Roboto-Bold.ttf" 149
"../../../Engine/Content/Slate/Fonts/Roboto-Light.ttf" 150
"E:/Workshop/Programs/Unreal Engine/4.7/Engine/Binaries/Win64/../../../Engine/Shaders/ParticleSpriteVertexFactory.usf" 151
"E:/Workshop/Programs/Unreal Engine/4.7/Engine/Binaries/Win64/../../../Engine/Shaders/VertexFactoryCommon.usf" 152
"E:/Workshop/Programs/Unreal Engine/4.7/Engine/Binaries/Win64/../../../Engine/Shaders/Common.usf" 153
"E:/Workshop/Programs/Unreal Engine/4.7/Engine/Binaries/Win64/../../../Engine/Shaders/MetalCommon.usf" 154
"E:/Workshop/Programs/Unreal Engine/4.7/Engine/Binaries/Win64/../../../Engine/Shaders/ShaderVersion.usf" 155
"E:/Workshop/Programs/Unreal Engine/4.7/Engine/Binaries/Win64/../../../Engine/Shaders/Definitions.usf" 156
"E:/Workshop/Programs/Unreal Engine/4.7/Engine/Binaries/Win64/../../../Engine/Shaders/Random.usf" 157
"E:/Workshop/Programs/Unreal Engine/4.7/Engine/Binaries/Win64/../../../Engine/Shaders/ParticleVertexFactoryCommon.usf" 158
"E:/Workshop/Programs/Unreal Engine/4.7/Engine/Binaries/Win64/../../../Engine/Shaders/ParticleGPUSpriteVertexFactory.usf" 159
"E:/Workshop/Programs/Unreal Engine/4.7/Engine/Binaries/Win64/../../../Engine/Shaders/ParticleBeamTrailVertexFactory.usf" 160
"E:/Workshop/Programs/Unreal Engine/4.7/Engine/Binaries/Win64/../../../Engine/Shaders/VectorFieldVisualizationVertexFactory.usf" 161
"E:/Workshop/Programs/Unreal Engine/4.7/Engine/Binaries/Win64/../../../Engine/Shaders/LocalVertexFactory.usf" 162
"E:/Workshop/Programs/Unreal Engine/4.7/Engine/Binaries/Win64/../../../Engine/Shaders/LocalVertexFactoryCommon.usf" 163
"E:/Workshop/Programs/Unreal Engine/4.7/Engine/Binaries/Win64/../../../Engine/Shaders/MeshParticleVertexFactory.usf" 164
"E:/Workshop/Programs/Unreal Engine/4.7/Engine/Binaries/Win64/../../../Engine/Shaders/GpuSkinVertexFactory.usf" 165
"E:/Workshop/Programs/Unreal Engine/4.7/Engine/Binaries/Win64/../../../Engine/Shaders/GpuSkinCacheCommon.usf" 166
"E:/Workshop/Programs/Unreal Engine/4.7/Engine/Binaries/Win64/../../../Engine/Shaders/LandscapeVertexFactory.usf" 167
"E:/Workshop/Programs/Unreal Engine/4.7/Engine/Binaries/Win64/../../../Engine/Shaders/SlateElementPixelShader.usf" 168
"E:/Workshop/Programs/Unreal Engine/4.7/Engine/Binaries/Win64/../../../Engine/Shaders/MaterialTemplate.usf" 169
"E:/Workshop/Programs/Unreal Engine/4.7/Engine/Binaries/Win64/../../../Engine/Shaders/DepthOfFieldCommon.usf" 170
"E:/Workshop/Programs/Unreal Engine/4.7/Engine/Binaries/Win64/../../../Engine/Shaders/SpeedTreeCommon.usf" 171
"E:/Workshop/Programs/Unreal Engine/4.7/Engine/Binaries/Win64/../../../Engine/Shaders/AtmosphereCommon.usf" 172
"E:/Workshop/Programs/Unreal Engine/4.7/Engine/Binaries/Win64/../../../Engine/Shaders/PostProcessCommon.usf" 173
"E:/Workshop/Programs/Unreal Engine/4.7/Engine/Binaries/Win64/../../../Engine/Shaders/DeferredShadingCommon.usf" 174
"E:/Workshop/Programs/Unreal Engine/4.7/Engine/Binaries/Win64/../../../Engine/Shaders/LightAccumulator.usf" 175
"E:/Workshop/Programs/Unreal Engine/4.7/Engine/Binaries/Win64/../../../Engine/Shaders/SlateVertexShader.usf" 176
"E:/Workshop/Programs/Unreal Engine/4.7/Engine/Binaries/Win64/../../../Engine/Shaders/OneColorShader.usf" 177
"E:/Workshop/Programs/Unreal Engine/4.7/Engine/Binaries/Win64/../../../Engine/Shaders/ResolveVertexShader.usf" 178
"E:/Workshop/Programs/Unreal Engine/4.7/Engine/Binaries/Win64/../../../Engine/Shaders/ResolvePixelShader.usf" 179
"E:/Workshop/Programs/Unreal Engine/4.7/Engine/Binaries/Win64/../../../Engine/Shaders/VisualizeTexture.usf" 180
"E:/Workshop/Programs/Unreal Engine/4.7/Engine/Binaries/Win64/../../../Engine/Shaders/ScreenSpaceReflections.usf" 181
"E:/Workshop/Programs/Unreal Engine/4.7/Engine/Binaries/Win64/../../../Engine/Shaders/BRDF.usf" 182
"E:/Workshop/Programs/Unreal Engine/4.7/Engine/Binaries/Win64/../../../Engine/Shaders/MonteCarlo.usf" 183
"E:/Workshop/Programs/Unreal Engine/4.7/Engine/Binaries/Win64/../../../Engine/Shaders/FilterVertexShader.usf" 184
"E:/Workshop/Programs/Unreal Engine/4.7/Engine/Binaries/Win64/../../../Engine/Shaders/FilterPixelShader.usf" 185
"E:/Workshop/Programs/Unreal Engine/4.7/Engine/Binaries/Win64/../../../Engine/Shaders/PostProcessVisualizeHDR.usf" 186
"E:/Workshop/Programs/Unreal Engine/4.7/Engine/Binaries/Win64/../../../Engine/Shaders/PostProcessHistogramCommon.usf" 187
"E:/Workshop/Programs/Unreal Engine/4.7/Engine/Binaries/Win64/../../../Engine/Shaders/TonemapCommon.usf" 188
"E:/Workshop/Programs/Unreal Engine/4.7/Engine/Binaries/Win64/../../../Engine/Shaders/MiniFontCommon.usf" 189
"E:/Workshop/Programs/Unreal Engine/4.7/Engine/Binaries/Win64/../../../Engine/Shaders/PostProcessVisualizeBuffer.usf" 190
"E:/Workshop/Programs/Unreal Engine/4.7/Engine/Binaries/Win64/../../../Engine/Shaders/PostProcessUpscale.usf" 191
"E:/Workshop/Programs/Unreal Engine/4.7/Engine/Binaries/Win64/../../../Engine/Shaders/PostProcessTonemap.usf" 192
"E:/Workshop/Programs/Unreal Engine/4.7/Engine/Binaries/Win64/../../../Engine/Shaders/PostProcessTestImage.usf" 193
"E:/Workshop/Programs/Unreal Engine/4.7/Engine/Binaries/Win64/../../../Engine/Shaders/PostProcessTemporalAA.usf" 194
"E:/Workshop/Programs/Unreal Engine/4.7/Engine/Binaries/Win64/../../../Engine/Shaders/PostProcessTemporalCommon.usf" 195
"E:/Workshop/Programs/Unreal Engine/4.7/Engine/Binaries/Win64/../../../Engine/Shaders/PostProcessSubsurface.usf" 196
"E:/Workshop/Programs/Unreal Engine/4.7/Engine/Binaries/Win64/../../../Engine/Shaders/SeparableSSS.usf" 197
"E:/Workshop/Programs/Unreal Engine/4.7/Engine/Binaries/Win64/../../../Engine/Shaders/PostProcessSelectionOutline.usf" 198
"E:/Workshop/Programs/Unreal Engine/4.7/Engine/Binaries/Win64/../../../Engine/Shaders/PostProcessSceneColorFringe.usf" 199
"E:/Workshop/Programs/Unreal Engine/4.7/Engine/Binaries/Win64/../../../Engine/Shaders/PostProcessNoiseBlur.usf" 200
"E:/Workshop/Programs/Unreal Engine/4.7/Engine/Binaries/Win64/../../../Engine/Shaders/PostProcessMotionBlur.usf" 201
"E:/Workshop/Programs/Unreal Engine/4.7/Engine/Binaries/Win64/../../../Engine/Shaders/MorpheusInclude.usf" 202
"E:/Workshop/Programs/Unreal Engine/4.7/Engine/Binaries/Win64/../../../Engine/Shaders/PostProcessMobile.usf" 203
"E:/Workshop/Programs/Unreal Engine/4.7/Engine/Binaries/Win64/../../../Engine/Shaders/PostProcessMaterialShaders.usf" 204
"E:/Workshop/Programs/Unreal Engine/4.7/Engine/Binaries/Win64/../../../Engine/Shaders/PostProcessLensFlares.usf" 205
"E:/Workshop/Programs/Unreal Engine/4.7/Engine/Binaries/Win64/../../../Engine/Shaders/PostProcessLensBlur.usf" 206
"E:/Workshop/Programs/Unreal Engine/4.7/Engine/Binaries/Win64/../../../Engine/Shaders/PostProcessBloom.usf" 207
"E:/Workshop/Programs/Unreal Engine/4.7/Engine/Binaries/Win64/../../../Engine/Shaders/PostProcessHMD.usf" 208
"E:/Workshop/Programs/Unreal Engine/4.7/Engine/Binaries/Win64/../../../Engine/Shaders/PostProcessHistogramReduce.usf" 209
"E:/Workshop/Programs/Unreal Engine/4.7/Engine/Binaries/Win64/../../../Engine/Shaders/PostProcessHistogram.usf" 210
"E:/Workshop/Programs/Unreal Engine/4.7/Engine/Binaries/Win64/../../../Engine/Shaders/PostProcessGBufferHints.usf" 211
"E:/Workshop/Programs/Unreal Engine/4.7/Engine/Binaries/Win64/../../../Engine/Shaders/PostProcessEyeAdaptation.usf" 212
"E:/Workshop/Programs/Unreal Engine/4.7/Engine/Binaries/Win64/../../../Engine/Shaders/PostProcessDownsample.usf" 213
"E:/Workshop/Programs/Unreal Engine/4.7/Engine/Binaries/Win64/../../../Engine/Shaders/PostProcessDOF.usf" 214
"E:/Workshop/Programs/Unreal Engine/4.7/Engine/Binaries/Win64/../../../Engine/Shaders/PostProcessCompositeEditorPrimitives.usf" 215
"E:/Workshop/Programs/Unreal Engine/4.7/Engine/Binaries/Win64/../../../Engine/Shaders/PostProcessCombineLUTs.usf" 216
"E:/Workshop/Programs/Unreal Engine/4.7/Engine/Binaries/Win64/../../../Engine/Shaders/PostProcessBusyWait.usf" 217
"E:/Workshop/Programs/Unreal Engine/4.7/Engine/Binaries/Win64/../../../Engine/Shaders/PostProcessBokehDOF.usf" 218
"E:/Workshop/Programs/Unreal Engine/4.7/Engine/Binaries/Win64/../../../Engine/Shaders/FXAAShader.usf" 219
"E:/Workshop/Programs/Unreal Engine/4.7/Engine/Binaries/Win64/../../../Engine/Shaders/Fxaa3_11.usf" 220
"E:/Workshop/Programs/Unreal Engine/4.7/Engine/Binaries/Win64/../../../Engine/Shaders/PostProcessPassThrough.usf" 221
"E:/Workshop/Programs/Unreal Engine/4.7/Engine/Binaries/Win64/../../../Engine/Shaders/PostProcessLpvIndirect.usf" 222
"E:/Workshop/Programs/Unreal Engine/4.7/Engine/Binaries/Win64/../../../Engine/Shaders/DeferredLightingCommon.usf" 223
"E:/Workshop/Programs/Unreal Engine/4.7/Engine/Binaries/Win64/../../../Engine/Shaders/DynamicLightingCommon.usf" 224
"E:/Workshop/Programs/Unreal Engine/4.7/Engine/Binaries/Win64/../../../Engine/Shaders/IESLightProfilesCommon.usf" 225
"E:/Workshop/Programs/Unreal Engine/4.7/Engine/Binaries/Win64/../../../Engine/Shaders/LPVFinalPass.usf" 226
"E:/Workshop/Programs/Unreal Engine/4.7/Engine/Binaries/Win64/../../../Engine/Shaders/LPVCommon.usf" 227
"E:/Workshop/Programs/Unreal Engine/4.7/Engine/Binaries/Win64/../../../Engine/Shaders/DeferredDecal.usf" 228
"E:/Workshop/Programs/Unreal Engine/4.7/Engine/Binaries/Win64/../../../Engine/Shaders/PostProcessAmbientOcclusion.usf" 229
"E:/Workshop/Programs/Unreal Engine/4.7/Engine/Binaries/Win64/../../../Engine/Shaders/PostProcessAmbient.usf" 230
"E:/Workshop/Programs/Unreal Engine/4.7/Engine/Binaries/Win64/../../../Engine/Shaders/CubemapCommon.usf" 231
"E:/Workshop/Programs/Unreal Engine/4.7/Engine/Binaries/Win64/../../../Engine/Shaders/VelocityShader.usf" 232
"E:/Workshop/Programs/Unreal Engine/4.7/Engine/Binaries/Win64/../../../Engine/Shaders/Tessellation.usf" 233
"E:/Workshop/Programs/Unreal Engine/4.7/Engine/Binaries/Win64/../../../Engine/Shaders/FlatTessellation.usf" 234
"E:/Workshop/Programs/Unreal Engine/4.7/Engine/Binaries/Win64/../../../Engine/Shaders/PNTriangles.usf" 235
"E:/Workshop/Programs/Unreal Engine/4.7/Engine/Binaries/Win64/../../../Engine/Shaders/TranslucentLightingShaders.usf" 236
"E:/Workshop/Programs/Unreal Engine/4.7/Engine/Binaries/Win64/../../../Engine/Shaders/SHCommon.usf" 237
"E:/Workshop/Programs/Unreal Engine/4.7/Engine/Binaries/Win64/../../../Engine/Shaders/ShadowProjectionCommon.usf" 238
"E:/Workshop/Programs/Unreal Engine/4.7/Engine/Binaries/Win64/../../../Engine/Shaders/TranslucentLightInjectionShaders.usf" 239
"E:/Workshop/Programs/Unreal Engine/4.7/Engine/Binaries/Win64/../../../Engine/Shaders/LightFunctionCommon.usf" 240
"E:/Workshop/Programs/Unreal Engine/4.7/Engine/Binaries/Win64/../../../Engine/Shaders/TranslucentShadowDepthShaders.usf" 241
"E:/Workshop/Programs/Unreal Engine/4.7/Engine/Binaries/Win64/../../../Engine/Shaders/ShadowDepthCommon.usf" 242
"E:/Workshop/Programs/Unreal Engine/4.7/Engine/Binaries/Win64/../../../Engine/Shaders/TiledDeferredLightShaders.usf" 243
"E:/Workshop/Programs/Unreal Engine/4.7/Engine/Binaries/Win64/../../../Engine/Shaders/ShadowProjectionPixelShader.usf" 244
"E:/Workshop/Programs/Unreal Engine/4.7/Engine/Binaries/Win64/../../../Engine/Shaders/ShadowFilteringCommon.usf" 245
"E:/Workshop/Programs/Unreal Engine/4.7/Engine/Binaries/Win64/../../../Engine/Shaders/ShadowProjectionVertexShader.usf" 246
"E:/Workshop/Programs/Unreal Engine/4.7/Engine/Binaries/Win64/../../../Engine/Shaders/ShadowDepthPixelShader.usf" 247
"E:/Workshop/Programs/Unreal Engine/4.7/Engine/Binaries/Win64/../../../Engine/Shaders/LPVWriteVplCommon.usf" 248
"E:/Workshop/Programs/Unreal Engine/4.7/Engine/Binaries/Win64/../../../Engine/Shaders/LPVWriteCommon.usf" 249
"E:/Workshop/Programs/Unreal Engine/4.7/Engine/Binaries/Win64/../../../Engine/Shaders/ShadowDepthVertexShader.usf" 250
"E:/Workshop/Programs/Unreal Engine/4.7/Engine/Binaries/Win64/../../../Engine/Shaders/ShaderComplexityApplyPixelShader.usf" 251
"E:/Workshop/Programs/Unreal Engine/4.7/Engine/Binaries/Win64/../../../Engine/Shaders/ShaderComplexityApplyVertexShader.usf" 252
"E:/Workshop/Programs/Unreal Engine/4.7/Engine/Binaries/Win64/../../../Engine/Shaders/ShaderComplexityAccumulatePixelShader.usf" 253
"E:/Workshop/Programs/Unreal Engine/4.7/Engine/Binaries/Win64/../../../Engine/Shaders/HZBOcclusion.usf" 254
"E:/Workshop/Programs/Unreal Engine/4.7/Engine/Binaries/Win64/../../../Engine/Shaders/OcclusionQueryVertexShader.usf" 255
"E:/Workshop/Programs/Unreal Engine/4.7/Engine/Binaries/Win64/../../../Engine/Shaders/HitProxyPixelShader.usf" 256
"E:/Workshop/Programs/Unreal Engine/4.7/Engine/Binaries/Win64/../../../Engine/Shaders/HitProxyVertexShader.usf" 257
"E:/Workshop/Programs/Unreal Engine/4.7/Engine/Binaries/Win64/../../../Engine/Shaders/ReflectionEnvironmentShaders.usf" 258
"E:/Workshop/Programs/Unreal Engine/4.7/Engine/Binaries/Win64/../../../Engine/Shaders/ReflectionEnvironmentShared.usf" 259
"E:/Workshop/Programs/Unreal Engine/4.7/Engine/Binaries/Win64/../../../Engine/Shaders/SkyLightingShared.usf" 260
"E:/Workshop/Programs/Unreal Engine/4.7/Engine/Binaries/Win64/../../../Engine/Shaders/ReflectionEnvironmentComputeShaders.usf" 261
"E:/Workshop/Programs/Unreal Engine/4.7/Engine/Binaries/Win64/../../../Engine/Shaders/LightShaftShader.usf" 262
"E:/Workshop/Programs/Unreal Engine/4.7/Engine/Binaries/Win64/../../../Engine/Shaders/StationaryLightOverlapShaders.usf" 263
"E:/Workshop/Programs/Unreal Engine/4.7/Engine/Binaries/Win64/../../../Engine/Shaders/DeferredLightPixelShaders.usf" 264
"E:/Workshop/Programs/Unreal Engine/4.7/Engine/Binaries/Win64/../../../Engine/Shaders/DeferredLightVertexShaders.usf" 265
"E:/Workshop/Programs/Unreal Engine/4.7/Engine/Binaries/Win64/../../../Engine/Shaders/LPVVisualise.usf" 266
"E:/Workshop/Programs/Unreal Engine/4.7/Engine/Binaries/Win64/../../../Engine/Shaders/LPVGeometryVolumeCommon.usf" 267
"E:/Workshop/Programs/Unreal Engine/4.7/Engine/Binaries/Win64/../../../Engine/Shaders/LPVDirectLightInject.usf" 268
"E:/Workshop/Programs/Unreal Engine/4.7/Engine/Binaries/Win64/../../../Engine/Shaders/LPVPropagate.usf" 269
"E:/Workshop/Programs/Unreal Engine/4.7/Engine/Binaries/Win64/../../../Engine/Shaders/LPVBuildGeometryVolume.usf" 270
"E:/Workshop/Programs/Unreal Engine/4.7/Engine/Binaries/Win64/../../../Engine/Shaders/LPVInject_AccumulateVplLists.usf" 271
"E:/Workshop/Programs/Unreal Engine/4.7/Engine/Binaries/Win64/../../../Engine/Shaders/LPVInject_GenerateVplLists.usf" 272
"E:/Workshop/Programs/Unreal Engine/4.7/Engine/Binaries/Win64/../../../Engine/Shaders/LPVClearLists.usf" 273
"E:/Workshop/Programs/Unreal Engine/4.7/Engine/Binaries/Win64/../../../Engine/Shaders/LPVClear.usf" 274
"E:/Workshop/Programs/Unreal Engine/4.7/Engine/Binaries/Win64/../../../Engine/Shaders/LightMapDensityShader.usf" 275
"E:/Workshop/Programs/Unreal Engine/4.7/Engine/Binaries/Win64/../../../Engine/Shaders/LightFunctionPixelShader.usf" 276
"E:/Workshop/Programs/Unreal Engine/4.7/Engine/Binaries/Win64/../../../Engine/Shaders/LightFunctionVertexShader.usf" 277
"E:/Workshop/Programs/Unreal Engine/4.7/Engine/Binaries/Win64/../../../Engine/Shaders/HdrCustomResolveShaders.usf" 278
"E:/Workshop/Programs/Unreal Engine/4.7/Engine/Binaries/Win64/../../../Engine/Shaders/GPUBenchmark.usf" 279
"E:/Workshop/Programs/Unreal Engine/4.7/Engine/Binaries/Win64/../../../Engine/Shaders/GammaCorrection.usf" 280
"E:/Workshop/Programs/Unreal Engine/4.7/Engine/Binaries/Win64/../../../Engine/Shaders/BasePassForForwardShadingPixelShader.usf" 281
"E:/Workshop/Programs/Unreal Engine/4.7/Engine/Binaries/Win64/../../../Engine/Shaders/BasePassForForwardShadingCommon.usf" 282
"E:/Workshop/Programs/Unreal Engine/4.7/Engine/Binaries/Win64/../../../Engine/Shaders/LightmapCommon.usf" 283
"E:/Workshop/Programs/Unreal Engine/4.7/Engine/Binaries/Win64/../../../Engine/Shaders/BasePassForForwardShadingVertexShader.usf" 284
"E:/Workshop/Programs/Unreal Engine/4.7/Engine/Binaries/Win64/../../../Engine/Shaders/HeightFogCommon.usf" 285
"E:/Workshop/Programs/Unreal Engine/4.7/Engine/Binaries/Win64/../../../Engine/Shaders/HeightFogPixelShader.usf" 286
"E:/Workshop/Programs/Unreal Engine/4.7/Engine/Binaries/Win64/../../../Engine/Shaders/HeightFogVertexShader.usf" 287
"E:/Workshop/Programs/Unreal Engine/4.7/Engine/Binaries/Win64/../../../Engine/Shaders/DistortAccumulatePS.usf" 288
"E:/Workshop/Programs/Unreal Engine/4.7/Engine/Binaries/Win64/../../../Engine/Shaders/DistortAccumulateVS.usf" 289
"E:/Workshop/Programs/Unreal Engine/4.7/Engine/Binaries/Win64/../../../Engine/Shaders/DistortApplyScreenPS.usf" 290
"E:/Workshop/Programs/Unreal Engine/4.7/Engine/Binaries/Win64/../../../Engine/Shaders/DistanceFieldSurfaceCacheLighting.usf" 291
"E:/Workshop/Programs/Unreal Engine/4.7/Engine/Binaries/Win64/../../../Engine/Shaders/DistanceFieldLightingShared.usf" 292
"E:/Workshop/Programs/Unreal Engine/4.7/Engine/Binaries/Win64/../../../Engine/Shaders/DistanceFieldAOShared.usf" 293
"E:/Workshop/Programs/Unreal Engine/4.7/Engine/Binaries/Win64/../../../Engine/Shaders/SkyLighting.usf" 294
"E:/Workshop/Programs/Unreal Engine/4.7/Engine/Binaries/Win64/../../../Engine/Shaders/DistanceFieldSurfaceCacheLightingCompute.usf" 295
"E:/Workshop/Programs/Unreal Engine/4.7/Engine/Binaries/Win64/../../../Engine/Shaders/DistanceFieldShadowing.usf" 296
"E:/Workshop/Programs/Unreal Engine/4.7/Engine/Binaries/Win64/../../../Engine/Shaders/DepthOnlyPixelShader.usf" 297
"E:/Workshop/Programs/Unreal Engine/4.7/Engine/Binaries/Win64/../../../Engine/Shaders/DepthOnlyVertexShader.usf" 298
"E:/Workshop/Programs/Unreal Engine/4.7/Engine/Binaries/Win64/../../../Engine/Shaders/PositionOnlyDepthVertexShader.usf" 299
"E:/Workshop/Programs/Unreal Engine/4.7/Engine/Binaries/Win64/../../../Engine/Shaders/DownsampleDepthPixelShader.usf" 300
"E:/Workshop/Programs/Unreal Engine/4.7/Engine/Binaries/Win64/../../../Engine/Shaders/BasePassPixelShader.usf" 301
"E:/Workshop/Programs/Unreal Engine/4.7/Engine/Binaries/Win64/../../../Engine/Shaders/BasePassCommon.usf" 302
"E:/Workshop/Programs/Unreal Engine/4.7/Engine/Binaries/Win64/../../../Engine/Shaders/BasePassVertexShader.usf" 303
"E:/Workshop/Programs/Unreal Engine/4.7/Engine/Binaries/Win64/../../../Engine/Shaders/BasePassVertexCommon.usf" 304
"E:/Workshop/Programs/Unreal Engine/4.7/Engine/Binaries/Win64/../../../Engine/Shaders/BasePassTessellationShaders.usf" 305
"E:/Workshop/Programs/Unreal Engine/4.7/Engine/Binaries/Win64/../../../Engine/Shaders/AtmospherePrecompute.usf" 306
"E:/Workshop/Programs/Unreal Engine/4.7/Engine/Binaries/Win64/../../../Engine/Shaders/AtmospherePrecomputeCommon.usf" 307
"E:/Workshop/Programs/Unreal Engine/4.7/Engine/Binaries/Win64/../../../Engine/Shaders/AtmospherePrecomputeInscatter.usf" 308
"E:/Workshop/Programs/Unreal Engine/4.7/Engine/Binaries/Win64/../../../Engine/Shaders/AtmosphericFogShader.usf" 309
"E:/Workshop/Programs/Unreal Engine/4.7/Engine/Binaries/Win64/../../../Engine/Shaders/ParticleSortKeyGen.usf" 310
"E:/Workshop/Programs/Unreal Engine/4.7/Engine/Binaries/Win64/../../../Engine/Shaders/ParticleBoundsShader.usf" 311
"E:/Workshop/Programs/Unreal Engine/4.7/Engine/Binaries/Win64/../../../Engine/Shaders/ParticleSimVisualizeShader.usf" 312
"E:/Workshop/Programs/Unreal Engine/4.7/Engine/Binaries/Win64/../../../Engine/Shaders/ParticleInjectionShader.usf" 313
"E:/Workshop/Programs/Unreal Engine/4.7/Engine/Binaries/Win64/../../../Engine/Shaders/ParticleSimulationShader.usf" 314
"E:/Workshop/Programs/Unreal Engine/4.7/Engine/Binaries/Win64/../../../Engine/Shaders/ParticleCurveInjectionShader.usf" 315
"E:/Workshop/Programs/Unreal Engine/4.7/Engine/Binaries/Win64/../../../Engine/Shaders/VectorFieldCompositeShaders.usf" 316
"E:/Workshop/Programs/Unreal Engine/4.7/Engine/Binaries/Win64/../../../Engine/Shaders/UpdateTextureShaders.usf" 317
"E:/Workshop/Programs/Unreal Engine/4.7/Engine/Binaries/Win64/../../../Engine/Shaders/SimpleElementColorChannelMaskPixelShader.usf" 318
"E:/Workshop/Programs/Unreal Engine/4.7/Engine/Binaries/Win64/../../../Engine/Shaders/SimpleElementHitProxyPixelShader.usf" 319
"E:/Workshop/Programs/Unreal Engine/4.7/Engine/Binaries/Win64/../../../Engine/Shaders/SimpleElementPixelShader.usf" 320
"E:/Workshop/Programs/Unreal Engine/4.7/Engine/Binaries/Win64/../../../Engine/Shaders/ColorUtils.usf" 321
"E:/Workshop/Programs/Unreal Engine/4.7/Engine/Binaries/Win64/../../../Engine/Shaders/SimpleElementVertexShader.usf" 322
"E:/Workshop/Programs/Unreal Engine/4.7/Engine/Binaries/Win64/../../../Engine/Shaders/ScreenVertexShader.usf" 323
"E:/Workshop/Programs/Unreal Engine/4.7/Engine/Binaries/Win64/../../../Engine/Shaders/ScreenPixelShader.usf" 324
"E:/Workshop/Programs/Unreal Engine/4.7/Engine/Binaries/Win64/../../../Engine/Shaders/RadixSortShaders.usf" 325
"E:/Workshop/Programs/Unreal Engine/4.7/Engine/Binaries/Win64/../../../Engine/Shaders/GpuSkinCacheComputeShader.usf" 326
"E:/Workshop/Programs/Unreal Engine/4.7/Engine/Binaries/Win64/../../../Engine/Shaders/NullPixelShader.usf" 327
"E:/Workshop/Programs/Unreal Engine/4.7/Engine/Binaries/Win64/../../../Engine/Shaders/ClearReplacementShaders.usf" 328
"E:/Workshop/Programs/Unreal Engine/4.7/Engine/Binaries/Win64/../../../Engine/Shaders/SimpleElementTexture2DPreviewPixelShader.usf" 329
"E:/Workshop/Programs/Unreal Engine/4.7/Engine/Binaries/Win64/../../../Engine/Shaders/SimpleElementNormalMapPixelShader.usf" 330
"E:/Workshop/Programs/Unreal Engine/4.7/Engine/Binaries/Win64/../../../Engine/Shaders/meshpaintdilatepixelshader.usf" 331
"E:/Workshop/Programs/Unreal Engine/4.7/Engine/Binaries/Win64/../../../Engine/Shaders/meshpaintdilatevertexshader.usf" 332
"E:/Workshop/Programs/Unreal Engine/4.7/Engine/Binaries/Win64/../../../Engine/Shaders/MeshPaintPixelShader.usf" 333
"E:/Workshop/Programs/Unreal Engine/4.7/Engine/Binaries/Win64/../../../Engine/Shaders/MeshPaintVertexShader.usf" 334
"../../../Engine/Config/Android/AndroidEngine.ini" 335
"../../../Engine/Config/HTML5/HTML5Engine.ini" 336
"../../../Engine/Config/IOS/IOSEngine.ini" 337
"../../../Engine/Config/Linux/LinuxEngine.ini" 338
"C:/Users/vebski/AppData/Local/UnrealEngine/4.7/DerivedDataCache/Boot.ddc" 339
"../../../Engine/DerivedDataCache/Compressed.ddp" 340
"../../../Engine/Content/EngineFonts/Roboto.uasset" 341
"../../../Engine/Content/EngineMaterials/Widget3DPassThrough_Translucent.uasset" 342
"../../../Engine/Content/EngineMaterials/Widget3DPassThrough.uasset" 343
"../../../Engine/Content/EngineResources/WhiteSquareTexture.uasset" 344
"../../../Engine/Content/Functions/Engine_MaterialFunctions01/Shading/PowerToRoughness.uasset" 345
"../../../Engine/Content/Functions/Engine_MaterialFunctions01/Shading/ConvertFromDiffSpec.uasset" 346
"../../../Engine/Content/EngineMaterials/WorldGridMaterial.uasset" 347
"../../../Engine/Content/Functions/Engine_MaterialFunctions01/Opacity/CameraDepthFade.uasset" 348
"../../../Engine/Content/EngineMaterials/T_Default_Material_Grid_M.uasset" 349
"../../../Engine/Content/EngineMaterials/T_Default_Material_Grid_N.uasset" 350
"../../../Engine/Content/EngineMaterials/DefaultDeferredDecalMaterial.uasset" 351
"../../../Engine/Content/EngineMaterials/DefaultDiffuse.uasset" 352
"../../../Engine/Content/EngineMaterials/DefaultLightFunctionMaterial.uasset" 353
"../../../Engine/Content/EngineMaterials/DefaultPostProcessMaterial.uasset" 354
"../../../Engine/Content/Functions/Engine_MaterialFunctions02/Utility/BreakOutFloat2Components.uasset" 355
"../../../Engine/Content/EngineResources/DefaultTexture.uasset" 356
"../../../Engine/Content/EngineMaterials/Widget3DPassThrough_Translucent_OneSided.uasset" 357
"../../../Engine/Content/EngineMaterials/Widget3DPassThrough_Opaque.uasset" 358
"../../../Engine/Content/EngineMaterials/Widget3DPassThrough_Opaque_OneSided.uasset" 359
"../../../Engine/Content/EditorResources/S_Actor.uasset" 360
"../../../Engine/Content/EditorLandscapeResources/DataLayer.uasset" 361
"../../../Engine/Content/Maps/Templates/Thumbnails/Default.uasset" 362
"../../../Engine/Content/EditorMaterials/ParticleSystems/PSysThumbnail_NoImage.uasset" 363
"../../../Engine/Content/EditorMaterials/ParticleSystems/PSysThumbnail_OOD.uasset" 364
"../../../Engine/Content/EngineDamageTypes/DmgTypeBP_Environmental.uasset" 365
"../../../Engine/Content/EngineMeshes/Sphere.uasset" 366
"../../../Engine/Content/EngineFonts/RobotoDistanceField.uasset" 367
"../../../Engine/Content/EngineMaterials/DefaultTextMaterialOpaque.uasset" 368
"../../../Engine/Content/EditorResources/S_Trigger.uasset" 369
"../../../Engine/Content/EngineResources/GradientTexture0.uasset" 370
"../../../Engine/Content/EngineResources/Black.uasset" 371
"../../../Engine/Content/EditorMaterials/MatineeGroups/MAT_Groups_Float.uasset" 372
"../../../Engine/Content/EditorMaterials/MatineeGroups/MAT_Groups_Director.uasset" 373
"../../../Engine/Content/EditorMaterials/MatineeGroups/MAT_Groups_Event.uasset" 374
"../../../Engine/Content/EditorMaterials/MatineeGroups/MAT_Groups_Anim.uasset" 375
"../../../Engine/Content/EditorMaterials/MatineeGroups/MAT_Groups_Fade.uasset" 376
"../../../Engine/Content/EditorMaterials/MatineeGroups/MAT_Groups_Move.uasset" 377
"../../../Engine/Content/EditorMaterials/MatineeGroups/MAT_Groups_Slomo.uasset" 378
"../../../Engine/Content/EditorMaterials/MatineeGroups/MAT_ColorTrack.uasset" 379
"../../../Engine/Content/EditorMaterials/MAT_Groups_Toggle.uasset" 380
"../../../Engine/Content/EditorMaterials/MatineeGroups/MAT_Groups_AudioMaster.uasset" 381
"../../../Engine/Content/EditorMaterials/MatineeGroups/MAT_Groups_Sound.uasset" 382
"../../../Engine/Content/EditorMaterials/MatineeGroups/MAT_Groups_Vector.uasset" 383
"../../../Engine/Content/EditorMaterials/MAT_Groups_Visibility.uasset" 384
"../../../Engine/Content/EngineResources/DefaultTextureCube.uasset" 385
"../../../Engine/Content/EngineSounds/Master.uasset" 386
"../../../Engine/Content/EngineSounds/Music.uasset" 387
"../../../Engine/Content/EngineSounds/SFX.uasset" 388
"../../../Engine/Content/EngineSounds/Normal_Attack.uasset" 389
"../../../Engine/Content/EngineSounds/Special_Attack_PSM.uasset" 390
"../../../Engine/Content/EngineSounds/Duck_Normal_Attack_MixMod.uasset" 391
"../../../Engine/Content/EngineSounds/Voice.uasset" 392
"../../../Engine/Content/EngineMeshes/Cylinder.uasset" 393
"../../../Engine/Content/EngineMaterials/DefaultMaterial.uasset" 394
"../../../Engine/Content/EngineTireTypes/DefaultTireType.uasset" 395
"../../../Engine/Content/Editor/Slate/Fonts/FontAwesome.ttf" 396
"../../../Engine/Content/Editor/Slate/Fonts/DroidSansMono.ttf" 397
"../../../Engine/Content/Editor/Slate/Fonts/Roboto-BoldCondensed.ttf" 398
"../../../Engine/Content/Editor/Slate/Fonts/Roboto-Black.ttf" 399
"../../../Engine/Content/Editor/Slate/Fonts/Roboto-Italic.ttf" 400
"../../../Engine/Content/Editor/Slate/Fonts/Roboto-BoldCondensedItalic.ttf" 401
"../../../Engine/Plugins/2D/Paper2D/Content/MaskedUnlitSpriteMaterial.uasset" 402
"../../../Engine/Plugins/2D/Paper2D/Content/DefaultSpriteMaterial.uasset" 403
"../../../Engine/Plugins/2D/Paper2D/Content/DummySpriteTexture.uasset" 404
"../../../Engine/Plugins/2D/Paper2D/Content/OpaqueUnlitSpriteMaterial.uasset" 405
"../../../Engine/Plugins/2D/Paper2D/Content/DefaultPaperTerrainMaterial.uasset" 406
"../../../Engine/Plugins/2D/Paper2D/Content/DummySprite.uasset" 407
"C:/Users/vebski/AppData/Local/UnrealEngine/4.7/Saved/Config/Windows/SourceControlSettings.ini" 408
"../../../../../../Unreal Projects/VolumetricBuoyancy/Intermediate/Config/CoalescedSourceConfigs/SourceControlSettings.ini" 409
"E:/Workshop/Unreal Projects/VolumetricBuoyancy/Saved/Config/Windows/SourceControlSettings.ini" 410
"../../../Engine/Content/EngineMaterials/RemoveSurfaceMaterial.uasset" 411
"../../../Engine/Content/EngineDebugMaterials/DebugMeshMaterial.uasset" 412
"../../../Engine/Content/EngineMaterials/M_InvalidLightmapSettings.uasset" 413
"../../../Engine/Content/EngineMaterials/InvalidLightmapSettings.uasset" 414
"../../../Engine/Content/EditorMaterials/GizmoMaterial.uasset" 415
"../../../Engine/Content/EngineMaterials/Good64x64TilingNoiseHighFreq.uasset" 416
"../../../Engine/Content/EngineMaterials/DefaultBokeh.uasset" 417
"../../../Engine/Content/EngineMaterials/PreintegratedSkinBRDF.uasset" 418
"../../../Engine/Content/EngineMaterials/MiniFont.uasset" 419
"../../../Engine/Content/EngineMaterials/WeightMapPlaceholderTexture.uasset" 420
"../../../Engine/Content/EngineMaterials/DefaultWhiteGrid.uasset" 421
"../../../Engine/Content/EngineMaterials/DefaultPhysicalMaterial.uasset" 422
"../../../Engine/Content/EngineFonts/RobotoTiny.uasset" 423
"../../../../../../Unreal Projects/VolumetricBuoyancy/Intermediate/CachedAssetRegistry.bin" 424
"../../../../../../Unreal Projects/VolumetricBuoyancy/Content/Scenes/L_Playground.umap" 425
"C:/Users/vebski/AppData/Local/UnrealEngine/Common/DerivedDataCache/7/2/4/A047B50D4C15F0B5529FB3A1A80643D5.udd" 426
"C:/Users/vebski/AppData/Local/UnrealEngine/Common/DerivedDataCache/6/2/0/B043470143CFD7F63B8117B0A3BD4E11.udd" 427
"C:/Users/vebski/AppData/Local/UnrealEngine/Common/DerivedDataCache/3/8/7/35C7D27E437A3CE93D0EE8B0DCBAF4BF.udd" 428
"C:/Users/vebski/AppData/Local/UnrealEngine/Common/DerivedDataCache/6/1/4/CCABD312498B9FF9D42DC095797E3BA8.udd" 429
"C:/Users/vebski/AppData/Local/UnrealEngine/Common/DerivedDataCache/9/2/4/B634F5B646B2279CA9A672A4A238965D.udd" 430
"C:/Users/vebski/AppData/Local/UnrealEngine/Common/DerivedDataCache/3/4/4/E6FC102F4F5CFBB67C1376B0BD55E71A.udd" 431
"C:/Users/vebski/AppData/Local/UnrealEngine/Common/DerivedDataCache/8/2/1/AF991A43496CAB6D186FBCA503A546FA.udd" 432
"C:/Users/vebski/AppData/Local/UnrealEngine/Common/DerivedDataCache/6/0/9/67BCFD1443D8532E28F6CE89895EA918.udd" 433
"C:/Users/vebski/AppData/Local/UnrealEngine/Common/DerivedDataCache/7/2/5/7D9D800B417C3DDC086749AC80F7D571.udd" 434
"C:/Users/vebski/AppData/Local/UnrealEngine/Common/DerivedDataCache/2/5/0/36E6F69D4FE6BA597B6158BFF4F74687.udd" 435
"C:/Users/vebski/AppData/Local/UnrealEngine/Common/DerivedDataCache/8/9/6/F51815C0484DB091CA7E3AA3453E6B8A.udd" 436
"C:/Users/vebski/AppData/Local/UnrealEngine/Common/DerivedDataCache/3/5/9/8D0AB90C4D2B29E6DB94AA9CB8F739F7.udd" 437
"C:/Users/vebski/AppData/Local/UnrealEngine/Common/DerivedDataCache/4/1/8/99A7F848470E79FC08F2EAA488BC105B.udd" 438
"C:/Users/vebski/AppData/Local/UnrealEngine/Common/DerivedDataCache/2/8/6/847E88F24C8BE58A12DA4DAD631D3BFE.udd" 439
"C:/Users/vebski/AppData/Local/UnrealEngine/Common/DerivedDataCache/8/9/2/3182F6AE464F13E8E2149BA8BFFC4C95.udd" 440
"C:/Users/vebski/AppData/Local/UnrealEngine/Common/DerivedDataCache/7/0/0/692E53BF4ED77F3951A9029B879F04FB.udd" 441
"C:/Users/vebski/AppData/Local/UnrealEngine/Common/DerivedDataCache/3/7/4/038711F4490922628412389E072C4921.udd" 442
"../../../Engine/Content/MobileResources/HUD/VirtualJoystick_Thumb.uasset" 443
"../../../Engine/Content/MobileResources/HUD/VirtualJoystick_Background.uasset" 444
"../../../Engine/Content/MobileResources/HUD/T_Castle_ThumbstickOutter.uasset" 445
"../../../Engine/Content/MobileResources/HUD/T_Castle_ThumbstickInner.uasset" 446
"../../../Engine/Content/MobileResources/HUD/MobileHUDDirectionStick.uasset" 447
"../../../Engine/Content/MobileResources/HUD/MobileHUDDirectionPad3.uasset" 448
"../../../Engine/Content/MobileResources/HUD/MobileHUDDirectionPad2.uasset" 449
"../../../Engine/Content/MobileResources/HUD/MobileHUDDirectionPad.uasset" 450
"../../../Engine/Content/MobileResources/HUD/MobileHUDButtonFire.uasset" 451
"../../../Engine/Content/MobileResources/HUD/MobileHUDButton3.uasset" 452
"../../../Engine/Content/MobileResources/HUD/MobileHUDButton2_on.uasset" 453
"../../../Engine/Content/MobileResources/HUD/MobileHUDButton2_off.uasset" 454
"../../../Engine/Content/MobileResources/HUD/MobileHUDButton1_on.uasset" 455
"../../../Engine/Content/MobileResources/HUD/MobileHUDButton1_off.uasset" 456
"../../../Engine/Content/MobileResources/HUD/LeftVirtualJoystickOnly.uasset" 457
"../../../Engine/Content/MobileResources/HUD/DefaultVirtualJoysticks.uasset" 458
"../../../Engine/Content/MobileResources/HUD/AnalogHat.uasset" 459
"../../../Engine/Content/MobileResources/T_MobileMenu2.uasset" 460
"../../../Engine/Content/MobileResources/T_MobileControls_texture.uasset" 461
"../../../Engine/Content/EngineSky/BP_Sky_Sphere.uasset" 462
"../../../Engine/Content/EditorBlueprintResources/StandardMacros.uasset" 463
"../../../Engine/Content/EngineSky/C_Sky_Cloud_Color.uasset" 464
"../../../Engine/Content/EngineSky/C_Sky_Horizon_Color.uasset" 465
"../../../Engine/Content/EngineSky/C_Sky_Zenith_Color.uasset" 466
"../../../Engine/Content/EngineSky/M_Sky_Panning_Clouds2.uasset" 467
"../../../Engine/Content/EngineSky/T_Sky_Blue.uasset" 468
"../../../Engine/Content/EngineSky/T_Sky_Clouds_M.uasset" 469
"../../../Engine/Content/EngineSky/T_Sky_Stars.uasset" 470
"../../../Engine/Content/EngineSky/SM_SkySphere.uasset" 471
"../../../../../../Unreal Projects/VolumetricBuoyancy/Content/Blueprints/BP_OceanManager.uasset" 472
"../../../../../../Unreal Projects/VolumetricBuoyancy/Content/Blueprints/BP_ShipBuoyant.uasset" 473
"../../../../../../Unreal Projects/VolumetricBuoyancy/Content/Meshes/SM_Ship.uasset" 474
"../../../../../../Unreal Projects/VolumetricBuoyancy/Content/Meshes/Material_041.uasset" 475
"../../../../../../Unreal Projects/VolumetricBuoyancy/Content/Meshes/Material_042.uasset" 476
"../../../../../../Unreal Projects/VolumetricBuoyancy/Content/Meshes/Material_043.uasset" 477
"../../../../../../Unreal Projects/VolumetricBuoyancy/Content/Meshes/Material_044.uasset" 478
"../../../../../../Unreal Projects/VolumetricBuoyancy/Content/Meshes/Material_045.uasset" 479
"../../../../../../Unreal Projects/VolumetricBuoyancy/Content/Meshes/Material_046.uasset" 480
"../../../../../../Unreal Projects/VolumetricBuoyancy/Content/Meshes/Material_047.uasset" 481
"../../../../../../Unreal Projects/VolumetricBuoyancy/Content/Meshes/Material_048.uasset" 482
"../../../../../../Unreal Projects/VolumetricBuoyancy/Content/Meshes/Material_049.uasset" 483
"../../../../../../Unreal Projects/VolumetricBuoyancy/Content/Meshes/SM_ShipHull.uasset" 484
"../../../../../../Unreal Projects/VolumetricBuoyancy/Content/Meshes/Material_039.uasset" 485
"../../../../../../Unreal Projects/VolumetricBuoyancy/Content/Blueprints/BP_TestOceanPlane.uasset" 486
"../../../../../../Unreal Projects/VolumetricBuoyancy/Content/Materials/MI_StaticOcean.uasset" 487
"../../../../../../Unreal Projects/VolumetricBuoyancy/Content/Materials/M_OceanGestnerWaves.uasset" 488
"../../../Engine/Content/Functions/Engine_MaterialFunctions02/Math/Pi.uasset" 489
"../../../Engine/Content/Functions/Engine_MaterialFunctions02/Texturing/CustomRotator.uasset" 490
"../../../Engine/Content/Functions/Engine_MaterialFunctions02/Texturing/WorldPosition.uasset" 491
"../../../Engine/Content/Functions/Engine_MaterialFunctions02/Utility/BreakOutFloat3Components.uasset" 492
"../../../Engine/Content/Functions/Engine_MaterialFunctions02/Utility/MakeFloat3.uasset" 493
"../../../../../../Unreal Projects/VolumetricBuoyancy/Content/Materials/MF_GestnerCluster.uasset" 494
"../../../../../../Unreal Projects/VolumetricBuoyancy/Content/Materials/MF_GestnerFunction.uasset" 495
"../../../../../../Unreal Projects/VolumetricBuoyancy/Content/Textures/T_DynamicHeightmapNoise_Normal.uasset" 496
"../../../../../../Unreal Projects/VolumetricBuoyancy/Content/Model/WaterPlane.uasset" 497
"C:/Users/vebski/AppData/Local/UnrealEngine/Common/DerivedDataCache/5/7/2/TEXTURE_75F87CE100B546AAB8A1C4132AF9DB17_BC5_659AE8274A18BA0D46E3A59866E7EEB4___506254AF251038DA78AE0A05C07F5B4B39CD140C.udd" 498
"C:/Users/vebski/AppData/Local/UnrealEngine/Common/DerivedDataCache/7/3/0/MATSM_85DD00DAF10D45C79D4ED0306AF2628B_PCD3D_SM5_2__BC5N_DEV_SL_NODBUFB490A0D2__AF112297E34D5A50ADC888337B7A3ACD8F3767E2.udd" 499
"C:/Users/vebski/AppData/Local/UnrealEngine/Common/DerivedDataCache/4/1/2/TEXTURE_75F87CE100B546AAB8A1C4132AF9DB17_BC5_659AE8274A18BA0D46E3A59866E7EEB4___9E606AA09FE8874B761F22B01DA5ADA4DD31486C.udd" 500
"C:/Users/vebski/AppData/Local/UnrealEngine/Common/DerivedDataCache/4/5/6/TEXTURE_75F87CE100B546AAB8A1C4132AF9DB17_BC5_659AE8274A18BA0D46E3A59866E7EEB4___0CB6D49F5F23DC2FD1ABF088A46E9C0158A2DC45.udd" 501
"C:/Users/vebski/AppData/Local/UnrealEngine/Common/DerivedDataCache/3/3/7/MATSM_85DD00DAF10D45C79D4ED0306AF2628B_PCD3D_SM4_2__BC5N_DEV_SL_NODBUFB490A0D2__EDEC1CAAFBCF05AAA5960CA3721C19A2DCEEF87B.udd" 502
"C:/Users/vebski/AppData/Local/UnrealEngine/Common/DerivedDataCache/6/5/0/MATSM_85DD00DAF10D45C79D4ED0306AF2628B_PCD3D_SM5_2__BC5N_DEV_SL_NODBUFCA0B5E59__D8C9189460E47BABEB34DE1F0E80014C9BF9EF21.udd" 503
"C:/Users/vebski/AppData/Local/UnrealEngine/Common/DerivedDataCache/3/5/9/MATSM_85DD00DAF10D45C79D4ED0306AF2628B_PCD3D_SM4_2__BC5N_DEV_SL_NODBUFCA0B5E59__15FDB0B35236CE41F7AAF41539B2ACDAC8FBA651.udd" 504
"C:/Users/vebski/AppData/Local/UnrealEngine/Common/DerivedDataCache/4/7/7/MATSM_85DD00DAF10D45C79D4ED0306AF2628B_PCD3D_SM5_2__BC5N_DEV_SL_NODBUFF27C4048__98A119E83F02E504B157AA53925CF2CA772715E2.udd" 505
"C:/Users/vebski/AppData/Local/UnrealEngine/Common/DerivedDataCache/5/8/1/MATSM_85DD00DAF10D45C79D4ED0306AF2628B_PCD3D_SM4_2__BC5N_DEV_SL_NODBUFF27C4048__7BE30C880A138A2498F131F191DB1DF44CBFC494.udd" 506
"C:/Users/vebski/AppData/Local/UnrealEngine/Common/DerivedDataCache/7/0/2/MATSM_85DD00DAF10D45C79D4ED0306AF2628B_PCD3D_SM5_2__BC5N_DEV_SL_NODBUF6B659086__7A97C775E161F658564A1E8BBC9CBD1C326AB831.udd" 507
"C:/Users/vebski/AppData/Local/UnrealEngine/Common/DerivedDataCache/9/3/7/MATSM_85DD00DAF10D45C79D4ED0306AF2628B_PCD3D_SM4_2__BC5N_DEV_SL_NODBUF6B659086__04F6C31F7519C7BC17B8D36B62B177ADC057CB32.udd" 508
"C:/Users/vebski/AppData/Local/UnrealEngine/Common/DerivedDataCache/7/3/0/MATSM_85DD00DAF10D45C79D4ED0306AF2628B_PCD3D_SM5_2__BC5N_DEV_SL_NODBUF9FAA926C__733B13052E81508CA79C58A0A12661E68FE01CA3.udd" 509
"C:/Users/vebski/AppData/Local/UnrealEngine/Common/DerivedDataCache/2/9/9/MATSM_85DD00DAF10D45C79D4ED0306AF2628B_PCD3D_SM4_2__BC5N_DEV_SL_NODBUF9FAA926C__DFD69DB7336F83896A8BC94564A871E56C720904.udd" 510
"C:/Users/vebski/AppData/Local/UnrealEngine/Common/DerivedDataCache/5/3/0/MATSM_85DD00DAF10D45C79D4ED0306AF2628B_PCD3D_SM5_2__BC5N_DEV_SL_NODBUF377361C8__7A1950289F562F0F783246AA83621A210ED73941.udd" 511
"C:/Users/vebski/AppData/Local/UnrealEngine/Common/DerivedDataCache/5/1/8/MATSM_85DD00DAF10D45C79D4ED0306AF2628B_PCD3D_SM4_2__BC5N_DEV_SL_NODBUF377361C8__5E4A10CECEE369D6592A2D458E9B6ACE2F144860.udd" 512
"C:/Users/vebski/AppData/Local/UnrealEngine/Common/DerivedDataCache/2/8/6/MATSM_85DD00DAF10D45C79D4ED0306AF2628B_PCD3D_SM5_2__BC5N_DEV_SL_NODBUFF302C07F__F3D1892371344A82D94DB37A4C879DA1F9480C30.udd" 513
"C:/Users/vebski/AppData/Local/UnrealEngine/Common/DerivedDataCache/7/2/2/MATSM_85DD00DAF10D45C79D4ED0306AF2628B_PCD3D_SM4_2__BC5N_DEV_SL_NODBUFF302C07F__6751083DBF1040EB08F21E7C1CC6BC36499D32EC.udd" 514
"C:/Users/vebski/AppData/Local/UnrealEngine/Common/DerivedDataCache/5/8/2/MATSM_85DD00DAF10D45C79D4ED0306AF2628B_PCD3D_SM5_2__BC5N_DEV_SL_NODBUFA9CBFD19__4CBE6316A86EDCFB723DEF4E32C142C42B401ACF.udd" 515
"C:/Users/vebski/AppData/Local/UnrealEngine/Common/DerivedDataCache/2/9/5/MATSM_85DD00DAF10D45C79D4ED0306AF2628B_PCD3D_SM4_2__BC5N_DEV_SL_NODBUFA9CBFD19__A4A6179C21ABF14878A2E32E620642B0471CE883.udd" 516
"C:/Users/vebski/AppData/Local/UnrealEngine/Common/DerivedDataCache/5/8/9/MATSM_85DD00DAF10D45C79D4ED0306AF2628B_PCD3D_SM5_2__BC5N_DEV_SL_NODBUFF5CCE3EC__82D3DAAC19F6872A74878FBFB4E241EFCE668339.udd" 517
"C:/Users/vebski/AppData/Local/UnrealEngine/Common/DerivedDataCache/9/0/4/MATSM_85DD00DAF10D45C79D4ED0306AF2628B_PCD3D_SM4_2__BC5N_DEV_SL_NODBUFF5CCE3EC__10ECFB4F1C378FC70EBB81B56B73F65C97E9ABE1.udd" 518
"C:/Users/vebski/AppData/Local/UnrealEngine/Common/DerivedDataCache/6/6/8/MATSM_85DD00DAF10D45C79D4ED0306AF2628B_PCD3D_SM5_2__BC5N_DEV_SL_NODBUFC330B70E__8BB7AAE7B639E3AF00C258A5849367DC12256D04.udd" 519
"C:/Users/vebski/AppData/Local/UnrealEngine/Common/DerivedDataCache/1/0/0/MATSM_85DD00DAF10D45C79D4ED0306AF2628B_PCD3D_SM4_2__BC5N_DEV_SL_NODBUFC330B70E__198E2AA5F0BEDD845E4EE1BACD5B0B22C4AD9A0A.udd" 520
"C:/Users/vebski/AppData/Local/UnrealEngine/Common/DerivedDataCache/8/2/7/STATICMESH_46A8778361B442A9523C54440EA1E9D_2C1BC8F50A7A43818AFE266EB43D9060_1F__935192449DCC8811B87F11F31A5D480EAC568033.udd" 521
"C:/Users/vebski/AppData/Local/UnrealEngine/Common/DerivedDataCache/9/4/4/PHYSX_$7B1F0627AE$2DABEB$2D4206$2D8D78$2DE16BEB5DDC7E$7D_PHYSXPC_775524804D7B8__E3E0D54BBDFD065FEFF9866BE1DEC79C4AD99F3D.udd" 522
"C:/Users/vebski/AppData/Local/UnrealEngine/Common/DerivedDataCache/2/7/9/STATICMESH_46A8778361B442A9523C54440EA1E9D_2C1BC8F50A7A43818AFE266EB43D9060_8A__AF75298E3B365BF435686AA999943C0928F7A4A4.udd" 523
"C:/Users/vebski/AppData/Local/UnrealEngine/Common/DerivedDataCache/6/4/1/PHYSX_$7B1F0627AE$2DABEB$2D4206$2D8D78$2DE16BEB5DDC7E$7D_PHYSXPC_133331814C31A__1AC226ECEDD2A38C5362AEAA225C2042EC35E21E.udd" 524
"C:/Users/vebski/AppData/Local/UnrealEngine/Common/DerivedDataCache/6/9/5/MATSM_85DD00DAF10D45C79D4ED0306AF2628B_PCD3D_SM5_2__BC5N_DEV_SL_NODBUFA880C450__BF7469EAA4999E53941F7B083A2CDAE1BE86EC41.udd" 525
"C:/Users/vebski/AppData/Local/UnrealEngine/Common/DerivedDataCache/3/9/7/MATSM_85DD00DAF10D45C79D4ED0306AF2628B_PCD3D_SM4_2__BC5N_DEV_SL_NODBUFA880C450__EF1F0D6E57749F1A064C4E24FEDB404699EBA797.udd" 526
"C:/Users/vebski/AppData/Local/UnrealEngine/Common/DerivedDataCache/4/1/2/STATICMESH_46A8778361B442A9523C54440EA1E9D_2C1BC8F50A7A43818AFE266EB43D9060_08__1CC09E30C7676012C25C7CBDDE53ADCD79430DFC.udd" 527
"C:/Users/vebski/AppData/Local/UnrealEngine/Common/DerivedDataCache/6/4/9/PHYSX_$7B1F0627AE$2DABEB$2D4206$2D8D78$2DE16BEB5DDC7E$7D_PHYSXPC_8F1642834B597__1842304408E347212C8E30F5DFDA5E0C82FE7158.udd" 528
"../../../Engine/Content/EditorResources/EmptyActor.uasset" 529
"../../../../../../Unreal Projects/VolumetricBuoyancy/Content/Meshes/SM_WoodenPlank.uasset" 530
"../../../../../../Unreal Projects/VolumetricBuoyancy/Content/Meshes/Material.uasset" 531
"C:/Users/vebski/AppData/Local/UnrealEngine/Common/DerivedDataCache/9/7/6/STATICMESH_46A8778361B442A9523C54440EA1E9D_2C1BC8F50A7A43818AFE266EB43D9060_C6__C8E28F02689ADA6EF2C35C98499943DBD4CF92E1.udd" 532
"C:/Users/vebski/AppData/Local/UnrealEngine/Common/DerivedDataCache/9/6/8/PHYSX_$7B1F0627AE$2DABEB$2D4206$2D8D78$2DE16BEB5DDC7E$7D_PHYSXPC_5C24A152477B4__A7817442CE569EAF8E059CC56F1155B60DA8D1B8.udd" 533
"C:/Users/vebski/AppData/Local/UnrealEngine/Common/DerivedDataCache/4/9/9/MATSM_85DD00DAF10D45C79D4ED0306AF2628B_PCD3D_SM5_2__BC5N_DEV_SL_NODBUF886E6B2F__E99B9AABDBF9632EC8933EBBFA3ABC29F4B8CCBA.udd" 534
"C:/Users/vebski/AppData/Local/UnrealEngine/Common/DerivedDataCache/5/6/4/MATSM_85DD00DAF10D45C79D4ED0306AF2628B_PCD3D_SM4_2__BC5N_DEV_SL_NODBUF886E6B2F__73178F7BD8F5664B5B3EAC2F75F84C1BE5C661F3.udd" 535
"../../../../../../Unreal Projects/VolumetricBuoyancy/Content/Meshes/SM_WaterPlane.uasset" 536
"C:/Users/vebski/AppData/Local/UnrealEngine/Common/DerivedDataCache/4/8/2/STATICMESH_46A8778361B442A9523C54440EA1E9D_2C1BC8F50A7A43818AFE266EB43D9060_87__885D8305CA9ACDDCB39DB309F206FC958014B688.udd" 537
"C:/Users/vebski/AppData/Local/UnrealEngine/Common/DerivedDataCache/2/4/7/PHYSX_$7B1F0627AE$2DABEB$2D4206$2D8D78$2DE16BEB5DDC7E$7D_PHYSXPC_61508BE949788__409497F0DBEC2296192EC5E44A6C16CF6A4D039B.udd" 538
"../../../../../../Unreal Projects/VolumetricBuoyancy/Content/Meshes/SM_LargeBoxSub.uasset" 539
"C:/Users/vebski/AppData/Local/UnrealEngine/Common/DerivedDataCache/1/1/9/STATICMESH_46A8778361B442A9523C54440EA1E9D_2C1BC8F50A7A43818AFE266EB43D9060_8F__6B6924AECF1212ADF620DE22D22BB8ACF50BACB1.udd" 540
"C:/Users/vebski/AppData/Local/UnrealEngine/Common/DerivedDataCache/0/2/3/PHYSX_$7B1F0627AE$2DABEB$2D4206$2D8D78$2DE16BEB5DDC7E$7D_PHYSXPC_51E07DC248D31__343425118DD9D52AEFED0371FF278815904EFB22.udd" 541
"../../../../../../Unreal Projects/VolumetricBuoyancy/Content/Meshes/SM_LargeBox.uasset" 542
"C:/Users/vebski/AppData/Local/UnrealEngine/Common/DerivedDataCache/0/1/0/STATICMESH_46A8778361B442A9523C54440EA1E9D_2C1BC8F50A7A43818AFE266EB43D9060_FE__4CA507F8FDBCEAB91F9359EF1BDADC65107688DC.udd" 543
"C:/Users/vebski/AppData/Local/UnrealEngine/Common/DerivedDataCache/2/2/5/PHYSX_$7B1F0627AE$2DABEB$2D4206$2D8D78$2DE16BEB5DDC7E$7D_PHYSXPC_717A56794E4E8__F9560B09C1F6B1F68CA7ABDC644279813BE704B2.udd" 544
"../../../../../../Unreal Projects/VolumetricBuoyancy/Content/Meshes/SM_Ico_200.uasset" 545
"C:/Users/vebski/AppData/Local/UnrealEngine/Common/DerivedDataCache/6/0/4/STATICMESH_46A8778361B442A9523C54440EA1E9D_2C1BC8F50A7A43818AFE266EB43D9060_71__ED2877C6E3F9C839C2D88C902D6D8DBBD4ECB215.udd" 546
"C:/Users/vebski/AppData/Local/UnrealEngine/Common/DerivedDataCache/8/2/0/PHYSX_$7B1F0627AE$2DABEB$2D4206$2D8D78$2DE16BEB5DDC7E$7D_PHYSXPC_7BDFDF244737C__A08A33C37BCFB3EB2F40D75B22E3BAA908FF4E7B.udd" 547
"../../../../../../Unreal Projects/VolumetricBuoyancy/Content/Meshes/SM_Catamaran.uasset" 548
"C:/Users/vebski/AppData/Local/UnrealEngine/Common/DerivedDataCache/6/1/3/STATICMESH_46A8778361B442A9523C54440EA1E9D_2C1BC8F50A7A43818AFE266EB43D9060_F3__F2D059C7947DE4475AC1444E27E120D573506E73.udd" 549
"C:/Users/vebski/AppData/Local/UnrealEngine/Common/DerivedDataCache/7/5/4/PHYSX_$7B1F0627AE$2DABEB$2D4206$2D8D78$2DE16BEB5DDC7E$7D_PHYSXPC_9A6B5552429C0__9979F0B5A94F9C09508BFF521B626590542BD463.udd" 550
"../../../../../../Unreal Projects/VolumetricBuoyancy/Content/Meshes/SM_Box_200_BSP.uasset" 551
"C:/Users/vebski/AppData/Local/UnrealEngine/Common/DerivedDataCache/8/9/4/STATICMESH_46A8778361B442A9523C54440EA1E9D_2C1BC8F50A7A43818AFE266EB43D9060_77__EA3A45137C3EA283D9D115D16D8B2BC0DE5E6360.udd" 552
"C:/Users/vebski/AppData/Local/UnrealEngine/Common/DerivedDataCache/5/8/7/PHYSX_$7B1F0627AE$2DABEB$2D4206$2D8D78$2DE16BEB5DDC7E$7D_PHYSXPC_F81AAD1346FCC__312EFF84C8338079DD321FD06AE34DB2C5DEC0B4.udd" 553
"../../../../../../Unreal Projects/VolumetricBuoyancy/Content/Meshes/SM_Box_200.uasset" 554
"C:/Users/vebski/AppData/Local/UnrealEngine/Common/DerivedDataCache/3/5/4/STATICMESH_46A8778361B442A9523C54440EA1E9D_2C1BC8F50A7A43818AFE266EB43D9060_A0__F0FF9913F59559F67324686AA5637953434DE8C6.udd" 555
"C:/Users/vebski/AppData/Local/UnrealEngine/Common/DerivedDataCache/9/2/2/PHYSX_$7B1F0627AE$2DABEB$2D4206$2D8D78$2DE16BEB5DDC7E$7D_PHYSXPC_9EA07F2740367__18AFC4237DED0D6B88FCCFB3FC658324ADA75837.udd" 556
"../../../../../../Unreal Projects/VolumetricBuoyancy/Content/Meshes/BP_Box_200_BSP.uasset" 557
"../../../../../../Unreal Projects/VolumetricBuoyancy/Content/Blueprints/OceanManagerHelper.uasset" 558
"../../../../../../Unreal Projects/VolumetricBuoyancy/Content/Blueprints/BP_Ship.uasset" 559
"../../../../../../Unreal Projects/VolumetricBuoyancy/Content/Blueprints/BP_BSP.uasset" 560
"../../../../../../Unreal Projects/VolumetricBuoyancy/Content/Blueprints/BP_Box2.uasset" 561
"../../../../../../Unreal Projects/VolumetricBuoyancy/Content/Blueprints/BP_Box.uasset" 562
